<?xml version="1.0" encoding="UTF-8"?>
<!-- Generated by org.testng.reporters.JUnitXMLReporter -->
<testsuite ignored="0" hostname="DESKTOP-9CRABPT" failures="0" tests="2" name="Check your continue as guest" time="51.433" errors="0" timestamp="2024-04-04T16:52:21 GST">
  <testcase classname="com.Trust.android.Tests.TC_ClickGetStarted" name="TC_GetStarted" time="18.705"/>
  <testcase classname="com.Trust.android.Tests.TC_ClickGetStarted" name="TC_HomeMenu" time="12.831"/>
</testsuite> <!-- Check your continue as guest -->
