<?xml version="1.0" encoding="UTF-8"?>
<testng-results ignored="0" total="2" passed="2" failed="0" skipped="0">
  <reporter-output>
  </reporter-output>
  <suite started-at="2024-04-04T16:51:30 GST" name="Trust  Automation Test Suite" finished-at="2024-04-04T16:52:21 GST" duration-ms="51433">
    <groups>
    </groups>
    <test started-at="2024-04-04T16:51:30 GST" name="Check your continue as guest" finished-at="2024-04-04T16:52:21 GST" duration-ms="51433">
      <class name="com.Trust.android.Tests.TC_ClickGetStarted">
        <test-method is-config="true" signature="setUpTest()[pri:0, instance:com.Trust.android.Tests.TC_ClickGetStarted@192d43ce]" started-at="2024-04-04T16:51:30 GST" name="setUpTest" finished-at="2024-04-04T16:51:30 GST" duration-ms="280" status="PASS">
          <reporter-output>
          </reporter-output>
        </test-method> <!-- setUpTest -->
        <test-method is-config="true" signature="setup()[pri:0, instance:com.Trust.android.Tests.TC_ClickGetStarted@192d43ce]" started-at="2024-04-04T16:51:30 GST" name="setup" finished-at="2024-04-04T16:51:49 GST" duration-ms="19251" status="PASS">
          <reporter-output>
          </reporter-output>
        </test-method> <!-- setup -->
        <test-method signature="TC_GetStarted()[pri:1, instance:com.Trust.android.Tests.TC_ClickGetStarted@192d43ce]" started-at="2024-04-04T16:51:49 GST" name="TC_GetStarted" finished-at="2024-04-04T16:52:08 GST" duration-ms="18705" status="PASS">
          <reporter-output>
          </reporter-output>
        </test-method> <!-- TC_GetStarted -->
        <test-method signature="TC_HomeMenu()[pri:2, instance:com.Trust.android.Tests.TC_ClickGetStarted@192d43ce]" started-at="2024-04-04T16:52:08 GST" name="TC_HomeMenu" finished-at="2024-04-04T16:52:21 GST" duration-ms="12831" status="PASS">
          <reporter-output>
          </reporter-output>
        </test-method> <!-- TC_HomeMenu -->
        <test-method is-config="true" signature="teardown()[pri:0, instance:com.Trust.android.Tests.TC_ClickGetStarted@192d43ce]" started-at="2024-04-04T16:52:21 GST" name="teardown" finished-at="2024-04-04T16:52:21 GST" duration-ms="597" status="PASS">
          <reporter-output>
          </reporter-output>
        </test-method> <!-- teardown -->
        <test-method is-config="true" signature="flush()[pri:0, instance:com.Trust.android.Tests.TC_ClickGetStarted@192d43ce]" started-at="2024-04-04T16:52:21 GST" name="flush" finished-at="2024-04-04T16:52:22 GST" duration-ms="258" status="PASS">
          <reporter-output>
          </reporter-output>
        </test-method> <!-- flush -->
      </class> <!-- com.Trust.android.Tests.TC_ClickGetStarted -->
    </test> <!-- Check your continue as guest -->
  </suite> <!-- Trust  Automation Test Suite -->
</testng-results>
